<?xml version="1.0" encoding="UTF-8"?>
<testsuite name="SieveTest" tests="5" skipped="0" failures="0" errors="0" timestamp="2020-07-29T08:06:41" hostname="DESKTOP-FT9E64M" time="0.012">
  <properties/>
  <testcase name="findFirstPrime" classname="SieveTest" time="0.003"/>
  <testcase name="noPrimesUnder2" classname="SieveTest" time="0.0"/>
  <testcase name="findPrimesUpTo1000" classname="SieveTest" time="0.009"/>
  <testcase name="limitIsPrime" classname="SieveTest" time="0.0"/>
  <testcase name="findPrimesUpTo10" classname="SieveTest" time="0.0"/>
  <system-out><![CDATA[]]></system-out>
  <system-err><![CDATA[]]></system-err>
</testsuite>
