<?xml version="1.0" encoding="UTF-8"?>
<testsuite name="KindergartenGardenTest" tests="9" skipped="0" failures="0" errors="0" timestamp="2020-07-30T02:03:05" hostname="DESKTOP-FT9E64M" time="0.006">
  <properties/>
  <testcase name="singleStudent2" classname="KindergartenGardenTest" time="0.004"/>
  <testcase name="fullGardenFirstStudent" classname="KindergartenGardenTest" time="0.0"/>
  <testcase name="twoStudents" classname="KindergartenGardenTest" time="0.0"/>
  <testcase name="fullGardenSecondToLastStudent" classname="KindergartenGardenTest" time="0.001"/>
  <testcase name="singleStudent" classname="KindergartenGardenTest" time="0.0"/>
  <testcase name="oneGardenThirdStudent" classname="KindergartenGardenTest" time="0.0"/>
  <testcase name="fullGardenSecondStudent" classname="KindergartenGardenTest" time="0.001"/>
  <testcase name="oneGardenSecondStudent" classname="KindergartenGardenTest" time="0.0"/>
  <testcase name="fullGardenLastStudent" classname="KindergartenGardenTest" time="0.0"/>
  <system-out><![CDATA[]]></system-out>
  <system-err><![CDATA[]]></system-err>
</testsuite>
