<?xml version="1.0" encoding="UTF-8"?>
<testsuite name="MatrixTest" tests="8" skipped="0" failures="0" errors="0" timestamp="2020-07-29T02:13:45" hostname="DESKTOP-FT9E64M" time="0.005">
  <properties/>
  <testcase name="extractRowFromOneNumberMatrixTest" classname="MatrixTest" time="0.003"/>
  <testcase name="extractRowFromDiffWidthsMatrixTest" classname="MatrixTest" time="0.001"/>
  <testcase name="extractColumnFromNonSquareMatrixTest" classname="MatrixTest" time="0.0"/>
  <testcase name="extractColumnFromDiffWidthsMatrixTest" classname="MatrixTest" time="0.0"/>
  <testcase name="extractColumnMatrixTest" classname="MatrixTest" time="0.0"/>
  <testcase name="extractRowFromMatrixTest" classname="MatrixTest" time="0.001"/>
  <testcase name="extractColumnFromOneNumberMatrixTest" classname="MatrixTest" time="0.0"/>
  <testcase name="extractRowFromNonSquareMatrixTest" classname="MatrixTest" time="0.0"/>
  <system-out><![CDATA[]]></system-out>
  <system-err><![CDATA[]]></system-err>
</testsuite>
