<?xml version="1.0" encoding="UTF-8"?>
<testsuite name="ResistorColorTest" tests="4" skipped="0" failures="0" errors="0" timestamp="2020-07-21T01:24:50" hostname="DESKTOP-FT9E64M" time="0.005">
  <properties/>
  <testcase name="testWhiteColorCode" classname="ResistorColorTest" time="0.003"/>
  <testcase name="testColors" classname="ResistorColorTest" time="0.001"/>
  <testcase name="testBlackColorCode" classname="ResistorColorTest" time="0.0"/>
  <testcase name="testOrangeColorCode" classname="ResistorColorTest" time="0.0"/>
  <system-out><![CDATA[]]></system-out>
  <system-err><![CDATA[]]></system-err>
</testsuite>
