<?xml version="1.0" encoding="UTF-8"?>
<testsuite name="GigasecondTest" tests="5" skipped="0" failures="0" errors="0" timestamp="2020-07-21T08:41:43" hostname="DESKTOP-FT9E64M" time="0.021">
  <properties/>
  <testcase name="withFullTimeSpecified" classname="GigasecondTest" time="0.019"/>
  <testcase name="modernTime" classname="GigasecondTest" time="0.001"/>
  <testcase name="beforeEpochTime" classname="GigasecondTest" time="0.0"/>
  <testcase name="afterEpochTime" classname="GigasecondTest" time="0.0"/>
  <testcase name="withFullTimeSpecifiedAndDayRollover" classname="GigasecondTest" time="0.001"/>
  <system-out><![CDATA[]]></system-out>
  <system-err><![CDATA[]]></system-err>
</testsuite>
